<?xml version="1.0" encoding="UTF-8"?>
<testng-results ignored="0" total="2" passed="2" failed="0" skipped="0">
  <reporter-output>
  </reporter-output>
  <suite started-at="2024-10-08T10:34:56 IST" name="mastersuite" finished-at="2024-10-08T10:35:11 IST" duration-ms="14642">
    <groups>
      <group name="regression">
        <method signature="TC_001AccountRegistrationTest.verify_Account_Registration()[pri:0, instance:testcases.TC_001AccountRegistrationTest@19fb8826]" name="verify_Account_Registration" class="testcases.TC_001AccountRegistrationTest"/>
      </group> <!-- regression -->
      <group name="sanity">
        <method signature="TC_002VerifyLoginWithValidCredentials.VerifyLoginWithValidCredentials()[pri:0, instance:testcases.TC_002VerifyLoginWithValidCredentials@62ea3440]" name="VerifyLoginWithValidCredentials" class="testcases.TC_002VerifyLoginWithValidCredentials"/>
      </group> <!-- sanity -->
      <group name="master">
        <method signature="TC_001AccountRegistrationTest.verify_Account_Registration()[pri:0, instance:testcases.TC_001AccountRegistrationTest@19fb8826]" name="verify_Account_Registration" class="testcases.TC_001AccountRegistrationTest"/>
        <method signature="TC_002VerifyLoginWithValidCredentials.VerifyLoginWithValidCredentials()[pri:0, instance:testcases.TC_002VerifyLoginWithValidCredentials@62ea3440]" name="VerifyLoginWithValidCredentials" class="testcases.TC_002VerifyLoginWithValidCredentials"/>
      </group> <!-- master -->
    </groups>
    <test started-at="2024-10-08T10:34:56 IST" name="mastertest" finished-at="2024-10-08T10:35:11 IST" duration-ms="14642">
      <class name="testcases.TC_001AccountRegistrationTest">
        <test-method is-config="true" signature="setUp(java.lang.String,java.lang.String)[pri:0, instance:testcases.TC_001AccountRegistrationTest@19fb8826]" started-at="2024-10-08T10:34:56 IST" name="setUp" finished-at="2024-10-08T10:35:00 IST" duration-ms="4145" status="PASS">
          <params>
            <param index="0">
              <value>
                <![CDATA[windows]]>
              </value>
            </param>
            <param index="1">
              <value>
                <![CDATA[chrome]]>
              </value>
            </param>
          </params>
          <reporter-output>
          </reporter-output>
        </test-method> <!-- setUp -->
        <test-method signature="verify_Account_Registration()[pri:0, instance:testcases.TC_001AccountRegistrationTest@19fb8826]" started-at="2024-10-08T10:35:00 IST" name="verify_Account_Registration" finished-at="2024-10-08T10:35:05 IST" duration-ms="4378" status="PASS">
          <reporter-output>
          </reporter-output>
        </test-method> <!-- verify_Account_Registration -->
        <test-method is-config="true" signature="tearDown()[pri:0, instance:testcases.TC_001AccountRegistrationTest@19fb8826]" started-at="2024-10-08T10:35:05 IST" name="tearDown" finished-at="2024-10-08T10:35:05 IST" duration-ms="457" status="PASS">
          <reporter-output>
          </reporter-output>
        </test-method> <!-- tearDown -->
      </class> <!-- testcases.TC_001AccountRegistrationTest -->
      <class name="testcases.TC_002VerifyLoginWithValidCredentials">
        <test-method is-config="true" signature="setUp(java.lang.String,java.lang.String)[pri:0, instance:testcases.TC_002VerifyLoginWithValidCredentials@62ea3440]" started-at="2024-10-08T10:35:05 IST" name="setUp" finished-at="2024-10-08T10:35:09 IST" duration-ms="3462" status="PASS">
          <params>
            <param index="0">
              <value>
                <![CDATA[windows]]>
              </value>
            </param>
            <param index="1">
              <value>
                <![CDATA[chrome]]>
              </value>
            </param>
          </params>
          <reporter-output>
          </reporter-output>
        </test-method> <!-- setUp -->
        <test-method signature="VerifyLoginWithValidCredentials()[pri:0, instance:testcases.TC_002VerifyLoginWithValidCredentials@62ea3440]" started-at="2024-10-08T10:35:09 IST" name="VerifyLoginWithValidCredentials" finished-at="2024-10-08T10:35:10 IST" duration-ms="1388" status="PASS">
          <reporter-output>
          </reporter-output>
        </test-method> <!-- VerifyLoginWithValidCredentials -->
        <test-method is-config="true" signature="tearDown()[pri:0, instance:testcases.TC_002VerifyLoginWithValidCredentials@62ea3440]" started-at="2024-10-08T10:35:10 IST" name="tearDown" finished-at="2024-10-08T10:35:11 IST" duration-ms="496" status="PASS">
          <reporter-output>
          </reporter-output>
        </test-method> <!-- tearDown -->
      </class> <!-- testcases.TC_002VerifyLoginWithValidCredentials -->
    </test> <!-- mastertest -->
  </suite> <!-- mastersuite -->
</testng-results>
