<?xml version="1.0" encoding="UTF-8"?>
<!-- Generated by org.testng.reporters.JUnitXMLReporter -->
<testsuite ignored="0" hostname="iL-L-097" failures="0" tests="2" name="mastertest" time="14.642" errors="0" timestamp="2024-10-08T10:35:12 IST">
  <testcase classname="testcases.TC_001AccountRegistrationTest" name="verify_Account_Registration" time="4.378"/>
  <testcase classname="testcases.TC_002VerifyLoginWithValidCredentials" name="VerifyLoginWithValidCredentials" time="1.388"/>
</testsuite> <!-- mastertest -->
